[ 2019-05-28T19:33:07+08:00 ][ info ] [ BEHAVIOR ] Run Closure @app_init [ RunTime:0.000150s ]
[ info ] [ LOG ] INIT File
[ 2019-05-28T19:33:07+08:00 ][ info ] [ CACHE ] INIT File
[ 2019-05-28T19:33:07+08:00 ][ info ] [ BEHAVIOR ] Run Closure @app_init [ RunTime:0.001041s ]
[ 2019-05-28T19:33:07+08:00 ][ info ] [ DB ] INIT mysql
[ 2019-05-28T19:33:07+08:00 ][ sql ] [ DB ] CONNECT:[ UseTime:0.003123s ] mysql:host=127.0.0.1;dbname=admin;charset=utf8
[ 2019-05-28T19:33:07+08:00 ][ sql ] [ SQL ] SHOW TABLE STATUS LIKE 'new_banner' [ RunTime:0.001869s ]
[ 2019-05-28T19:33:07+08:00 ][ sql ] [ SQL ] SHOW TABLE STATUS LIKE 't_new_banner' [ RunTime:0.000572s ]
[ 2019-05-28T19:33:59+08:00 ][ info ] [ BEHAVIOR ] Run Closure @app_init [ RunTime:0.000151s ]
[ info ] [ LOG ] INIT File
[ 2019-05-28T19:33:59+08:00 ][ info ] [ CACHE ] INIT File
[ 2019-05-28T19:33:59+08:00 ][ info ] [ BEHAVIOR ] Run Closure @app_init [ RunTime:0.001077s ]
[ 2019-05-28T19:33:59+08:00 ][ info ] [ DB ] INIT mysql
[ 2019-05-28T19:33:59+08:00 ][ sql ] [ DB ] CONNECT:[ UseTime:0.000882s ] mysql:host=127.0.0.1;dbname=admin;charset=utf8
[ 2019-05-28T19:33:59+08:00 ][ sql ] [ SQL ] SHOW TABLE STATUS LIKE 'new_banner' [ RunTime:0.000533s ]
[ 2019-05-28T19:33:59+08:00 ][ sql ] [ SQL ] SHOW TABLE STATUS LIKE 't_new_banner' [ RunTime:0.000565s ]
[ 2019-05-28T19:34:48+08:00 ][ info ] [ BEHAVIOR ] Run Closure @app_init [ RunTime:0.000153s ]
[ info ] [ LOG ] INIT File
[ 2019-05-28T19:34:48+08:00 ][ info ] [ CACHE ] INIT File
[ 2019-05-28T19:34:48+08:00 ][ info ] [ BEHAVIOR ] Run Closure @app_init [ RunTime:0.000744s ]
[ 2019-05-28T19:34:48+08:00 ][ info ] [ DB ] INIT mysql
[ 2019-05-28T19:34:48+08:00 ][ sql ] [ DB ] CONNECT:[ UseTime:0.001024s ] mysql:host=127.0.0.1;dbname=admin;charset=utf8
[ 2019-05-28T19:34:48+08:00 ][ sql ] [ SQL ] SHOW TABLE STATUS LIKE 'new_company' [ RunTime:0.000630s ]
[ 2019-05-28T19:34:48+08:00 ][ sql ] [ SQL ] SHOW TABLE STATUS LIKE 't_new_company' [ RunTime:0.001092s ]
